::1 - - [07/Apr/2020:11:24:04 +0000] "OPTIONS /api/login HTTP/1.1" 204 0
::1 - - [07/Apr/2020:11:24:04 +0000] "POST /api/login HTTP/1.1" 500 23
::1 - - [07/Apr/2020:11:24:51 +0000] "OPTIONS /api/customer/login HTTP/1.1" 204 0
::1 - - [07/Apr/2020:11:24:51 +0000] "POST /api/customer/login HTTP/1.1" 200 432
::1 - - [07/Apr/2020:11:24:52 +0000] "POST /api/customer/login HTTP/1.1" 200 432
::1 - - [07/Apr/2020:11:24:52 +0000] "POST /api/customer/login HTTP/1.1" 200 432
::1 - - [07/Apr/2020:11:24:52 +0000] "POST /api/customer/login HTTP/1.1" 200 432
::1 - - [07/Apr/2020:11:24:53 +0000] "POST /api/customer/login HTTP/1.1" 200 432
::1 - - [07/Apr/2020:11:24:53 +0000] "POST /api/customer/login HTTP/1.1" 200 432
::1 - - [07/Apr/2020:11:24:53 +0000] "POST /api/customer/login HTTP/1.1" 200 432
::1 - - [07/Apr/2020:11:24:53 +0000] "POST /api/customer/login HTTP/1.1" 200 432
::1 - - [07/Apr/2020:11:24:53 +0000] "POST /api/customer/login HTTP/1.1" 200 432
::1 - - [07/Apr/2020:11:29:08 +0000] "OPTIONS /api/customer/login HTTP/1.1" 204 0
::1 - - [07/Apr/2020:11:29:08 +0000] "POST /api/customer/login HTTP/1.1" 200 432
::1 - - [07/Apr/2020:11:30:53 +0000] "OPTIONS /api/customer/login HTTP/1.1" 204 0
::1 - - [07/Apr/2020:11:30:54 +0000] "POST /api/customer/login HTTP/1.1" 200 432
::1 - - [07/Apr/2020:11:33:06 +0000] "OPTIONS /api/customer/login HTTP/1.1" 204 0
::1 - - [07/Apr/2020:11:33:06 +0000] "POST /api/customer/login HTTP/1.1" 200 432
::1 - - [07/Apr/2020:11:33:39 +0000] "OPTIONS /api/customer/login HTTP/1.1" 204 0
::1 - - [07/Apr/2020:11:33:39 +0000] "POST /api/customer/login HTTP/1.1" 200 432
::1 - - [07/Apr/2020:11:34:21 +0000] "OPTIONS /api/customer/login HTTP/1.1" 204 0
::1 - - [07/Apr/2020:11:34:22 +0000] "POST /api/customer/login HTTP/1.1" 400 41
::1 - - [07/Apr/2020:11:34:37 +0000] "OPTIONS /api/customer/login HTTP/1.1" 204 0
::1 - - [07/Apr/2020:11:34:37 +0000] "POST /api/customer/login HTTP/1.1" 400 41
::1 - - [07/Apr/2020:11:34:52 +0000] "OPTIONS /api/customer/login HTTP/1.1" 204 0
::1 - - [07/Apr/2020:11:34:52 +0000] "POST /api/customer/login HTTP/1.1" 200 432
::ffff:127.0.0.1 - - [07/Apr/2020:11:37:17 +0000] "POST /api/customer/login HTTP/1.1" 200 432
::1 - - [07/Apr/2020:11:38:18 +0000] "OPTIONS /api/customer/login HTTP/1.1" 204 0
::1 - - [07/Apr/2020:11:38:18 +0000] "POST /api/customer/login HTTP/1.1" 200 432
::1 - - [07/Apr/2020:12:14:00 +0000] "OPTIONS /api/customer/login HTTP/1.1" 204 0
::1 - - [07/Apr/2020:12:14:00 +0000] "POST /api/customer/login HTTP/1.1" 200 432
::1 - - [07/Apr/2020:12:23:15 +0000] "OPTIONS /api/customer/login HTTP/1.1" 204 0
::1 - - [07/Apr/2020:12:23:15 +0000] "POST /api/customer/login HTTP/1.1" 200 432
::1 - - [07/Apr/2020:12:24:22 +0000] "OPTIONS /api/customer/login HTTP/1.1" 204 0
::1 - - [07/Apr/2020:12:24:22 +0000] "POST /api/customer/login HTTP/1.1" 200 432
::1 - - [07/Apr/2020:13:36:35 +0000] "OPTIONS /api/customer/login HTTP/1.1" 204 0
::1 - - [07/Apr/2020:13:36:35 +0000] "POST /api/customer/login HTTP/1.1" 200 432
::1 - - [07/Apr/2020:13:42:11 +0000] "OPTIONS /api/customer/login HTTP/1.1" 204 0
::1 - - [07/Apr/2020:13:42:11 +0000] "POST /api/customer/login HTTP/1.1" 200 428
::1 - - [07/Apr/2020:13:48:36 +0000] "OPTIONS /api/customer/undefined HTTP/1.1" 204 0
::1 - - [07/Apr/2020:13:48:36 +0000] "POST /api/customer/undefined HTTP/1.1" 422 60
::1 - - [07/Apr/2020:14:02:31 +0000] "OPTIONS /api/customer/undefined HTTP/1.1" 204 0
::1 - - [07/Apr/2020:14:02:31 +0000] "POST /api/customer/undefined HTTP/1.1" 422 60
::1 - - [07/Apr/2020:14:02:43 +0000] "OPTIONS /api/customer/undefined HTTP/1.1" 204 0
::1 - - [07/Apr/2020:14:02:44 +0000] "POST /api/customer/undefined HTTP/1.1" 422 60
::1 - - [07/Apr/2020:14:03:20 +0000] "OPTIONS /api/customer/undefined HTTP/1.1" 204 0
::1 - - [07/Apr/2020:14:03:20 +0000] "POST /api/customer/undefined HTTP/1.1" 422 60
::1 - - [07/Apr/2020:14:03:58 +0000] "OPTIONS /api/customer/undefined HTTP/1.1" 204 0
::1 - - [07/Apr/2020:14:03:58 +0000] "POST /api/customer/undefined HTTP/1.1" 422 60
::1 - - [07/Apr/2020:14:07:41 +0000] "OPTIONS /api/customer/undefined HTTP/1.1" 204 0
::1 - - [07/Apr/2020:14:07:41 +0000] "POST /api/customer/undefined HTTP/1.1" 422 60
::1 - - [07/Apr/2020:14:08:03 +0000] "OPTIONS /api/customer/undefined HTTP/1.1" 204 0
::1 - - [07/Apr/2020:14:08:04 +0000] "POST /api/customer/undefined HTTP/1.1" 422 60
::1 - - [07/Apr/2020:14:08:17 +0000] "OPTIONS /api/customer/login HTTP/1.1" 204 0
::1 - - [07/Apr/2020:14:08:17 +0000] "POST /api/customer/login HTTP/1.1" 200 428
::1 - - [07/Apr/2020:14:08:47 +0000] "OPTIONS /api/customer/undefined HTTP/1.1" 204 0
::1 - - [07/Apr/2020:14:08:47 +0000] "POST /api/customer/undefined HTTP/1.1" 400 32
::1 - - [07/Apr/2020:14:09:07 +0000] "OPTIONS /api/customer/undefined HTTP/1.1" 204 0
::1 - - [07/Apr/2020:14:09:07 +0000] "POST /api/customer/undefined HTTP/1.1" 400 32
::1 - - [07/Apr/2020:14:10:02 +0000] "OPTIONS /api/customer/undefined HTTP/1.1" 204 0
::1 - - [07/Apr/2020:14:10:02 +0000] "POST /api/customer/undefined HTTP/1.1" 422 60
::1 - - [07/Apr/2020:14:10:06 +0000] "POST /api/customer/undefined HTTP/1.1" 422 60
::1 - - [07/Apr/2020:14:10:22 +0000] "OPTIONS /api/customer/login HTTP/1.1" 204 0
::1 - - [07/Apr/2020:14:10:22 +0000] "POST /api/customer/login HTTP/1.1" 200 428
::1 - - [07/Apr/2020:14:11:36 +0000] "OPTIONS /api/customer/undefined HTTP/1.1" 204 0
::1 - - [07/Apr/2020:14:11:36 +0000] "POST /api/customer/undefined HTTP/1.1" 422 60
::1 - - [07/Apr/2020:14:12:17 +0000] "OPTIONS /api/customer/undefined HTTP/1.1" 204 0
::1 - - [07/Apr/2020:14:12:17 +0000] "POST /api/customer/undefined HTTP/1.1" 422 60
::1 - - [07/Apr/2020:14:12:55 +0000] "OPTIONS /api/customer/1 HTTP/1.1" 204 0
::1 - - [07/Apr/2020:14:12:55 +0000] "POST /api/customer/1 HTTP/1.1" 422 60
::1 - - [07/Apr/2020:14:13:36 +0000] "OPTIONS /api/customer/1 HTTP/1.1" 204 0
::1 - - [07/Apr/2020:14:13:36 +0000] "POST /api/customer/1 HTTP/1.1" 422 60
::1 - - [07/Apr/2020:14:13:53 +0000] "OPTIONS /api/customer/1 HTTP/1.1" 204 0
::1 - - [07/Apr/2020:14:13:53 +0000] "POST /api/customer/1 HTTP/1.1" 422 60
::1 - - [07/Apr/2020:14:14:03 +0000] "OPTIONS /api/customer/login HTTP/1.1" 204 0
::1 - - [07/Apr/2020:14:14:03 +0000] "POST /api/customer/login HTTP/1.1" 200 428
::ffff:127.0.0.1 - - [07/Apr/2020:14:14:30 +0000] "POST /api/customer/login HTTP/1.1" 200 428
::1 - - [07/Apr/2020:14:14:38 +0000] "POST /api/customer/1 HTTP/1.1" 200 84
::1 - - [07/Apr/2020:14:16:48 +0000] "OPTIONS /api/customer/1 HTTP/1.1" 204 0
::1 - - [07/Apr/2020:14:16:48 +0000] "POST /api/customer/1 HTTP/1.1" 422 60
::1 - - [07/Apr/2020:14:17:17 +0000] "OPTIONS /api/customer/login HTTP/1.1" 204 0
::1 - - [07/Apr/2020:14:17:17 +0000] "POST /api/customer/login HTTP/1.1" 200 428
::1 - - [07/Apr/2020:14:17:50 +0000] "OPTIONS /api/customer/1 HTTP/1.1" 204 0
::1 - - [07/Apr/2020:14:17:50 +0000] "POST /api/customer/1 HTTP/1.1" 200 84
::1 - - [07/Apr/2020:14:18:53 +0000] "OPTIONS /api/customer/1 HTTP/1.1" 204 0
::1 - - [07/Apr/2020:14:18:53 +0000] "POST /api/customer/1 HTTP/1.1" 422 60
::1 - - [07/Apr/2020:14:18:58 +0000] "OPTIONS /api/customer/1 HTTP/1.1" 204 0
::1 - - [07/Apr/2020:14:18:58 +0000] "POST /api/customer/1 HTTP/1.1" 422 60
::1 - - [07/Apr/2020:14:20:31 +0000] "OPTIONS /api/customer/login HTTP/1.1" 204 0
::1 - - [07/Apr/2020:14:20:31 +0000] "POST /api/customer/login HTTP/1.1" 200 428
::1 - - [07/Apr/2020:14:21:21 +0000] "OPTIONS /api/customer/1 HTTP/1.1" 204 0
::1 - - [07/Apr/2020:14:21:21 +0000] "POST /api/customer/1 HTTP/1.1" 200 84
::1 - - [07/Apr/2020:14:26:10 +0000] "OPTIONS /api/customer/1 HTTP/1.1" 204 0
::1 - - [07/Apr/2020:14:26:10 +0000] "POST /api/customer/1 HTTP/1.1" 422 60
::1 - - [07/Apr/2020:14:26:40 +0000] "OPTIONS /api/customer/1 HTTP/1.1" 204 0
::1 - - [07/Apr/2020:14:26:40 +0000] "POST /api/customer/1 HTTP/1.1" 422 60
::1 - - [07/Apr/2020:14:27:37 +0000] "OPTIONS /api/customer/1 HTTP/1.1" 204 0
::1 - - [07/Apr/2020:14:27:37 +0000] "POST /api/customer/1 HTTP/1.1" 422 60
::1 - - [08/Apr/2020:09:33:59 +0000] "OPTIONS /api/customer/login HTTP/1.1" 204 0
::1 - - [08/Apr/2020:09:33:59 +0000] "POST /api/customer/login HTTP/1.1" 400 41
::1 - - [08/Apr/2020:09:34:12 +0000] "OPTIONS /api/customer/login HTTP/1.1" 204 0
::1 - - [08/Apr/2020:09:34:12 +0000] "POST /api/customer/login HTTP/1.1" 400 41
::ffff:127.0.0.1 - - [08/Apr/2020:09:34:39 +0000] "POST /api/customer/login HTTP/1.1" 400 41
::1 - - [08/Apr/2020:09:38:01 +0000] "OPTIONS /api/customer/login HTTP/1.1" 204 0
::1 - - [08/Apr/2020:09:38:01 +0000] "POST /api/customer/login HTTP/1.1" 400 41
::ffff:127.0.0.1 - - [08/Apr/2020:09:38:09 +0000] "POST /api/customer/login HTTP/1.1" 400 41
::ffff:127.0.0.1 - - [08/Apr/2020:09:38:31 +0000] "POST /api/customer/login HTTP/1.1" 400 37
::1 - - [08/Apr/2020:09:38:34 +0000] "OPTIONS /api/customer/login HTTP/1.1" 204 0
::1 - - [08/Apr/2020:09:38:34 +0000] "POST /api/customer/login HTTP/1.1" 400 37
::1 - - [08/Apr/2020:09:39:18 +0000] "OPTIONS /api/customer/login HTTP/1.1" 204 0
::1 - - [08/Apr/2020:09:39:18 +0000] "POST /api/customer/login HTTP/1.1" 400 37
::1 - - [08/Apr/2020:09:39:34 +0000] "OPTIONS /api/customer/login HTTP/1.1" 204 0
::1 - - [08/Apr/2020:09:39:34 +0000] "POST /api/customer/login HTTP/1.1" 400 37
::1 - - [08/Apr/2020:09:40:03 +0000] "OPTIONS /api/customer/login HTTP/1.1" 204 0
::1 - - [08/Apr/2020:09:40:03 +0000] "POST /api/customer/login HTTP/1.1" 400 37
::1 - - [08/Apr/2020:09:40:35 +0000] "OPTIONS /api/customer/login HTTP/1.1" 204 0
::1 - - [08/Apr/2020:09:40:35 +0000] "POST /api/customer/login HTTP/1.1" 400 37
::1 - - [08/Apr/2020:09:42:46 +0000] "OPTIONS /api/customer/login HTTP/1.1" 204 0
::1 - - [08/Apr/2020:09:42:46 +0000] "POST /api/customer/login HTTP/1.1" 400 37
::ffff:127.0.0.1 - - [08/Apr/2020:09:43:09 +0000] "POST /api/customer/login HTTP/1.1" 400 37
::1 - - [08/Apr/2020:09:46:55 +0000] "OPTIONS /api/customer/login HTTP/1.1" 204 0
::1 - - [08/Apr/2020:09:46:55 +0000] "POST /api/customer/login HTTP/1.1" 400 37
::1 - - [08/Apr/2020:09:47:07 +0000] "OPTIONS /api/customer/login HTTP/1.1" 204 0
::1 - - [08/Apr/2020:09:47:07 +0000] "POST /api/customer/login HTTP/1.1" 400 37
::1 - - [08/Apr/2020:09:47:23 +0000] "OPTIONS /api/customer/login HTTP/1.1" 204 0
::1 - - [08/Apr/2020:09:47:23 +0000] "POST /api/customer/login HTTP/1.1" 401 37
::1 - - [08/Apr/2020:09:48:08 +0000] "OPTIONS /api/customer/login HTTP/1.1" 204 0
::1 - - [08/Apr/2020:09:48:08 +0000] "POST /api/customer/login HTTP/1.1" 409 37
::ffff:127.0.0.1 - - [08/Apr/2020:09:48:33 +0000] "POST /api/customer/login HTTP/1.1" 401 37
::1 - - [08/Apr/2020:10:23:43 +0000] "OPTIONS /api/customer/login HTTP/1.1" 204 0
::1 - - [08/Apr/2020:10:23:43 +0000] "POST /api/customer/login HTTP/1.1" 401 37
::1 - - [08/Apr/2020:10:35:28 +0000] "OPTIONS /api/customer/login HTTP/1.1" 204 0
::1 - - [08/Apr/2020:10:35:28 +0000] "POST /api/customer/login HTTP/1.1" 401 37
::1 - - [08/Apr/2020:10:41:12 +0000] "OPTIONS /api/customer/login HTTP/1.1" 204 0
::1 - - [08/Apr/2020:10:41:12 +0000] "POST /api/customer/login HTTP/1.1" 401 37
::1 - - [08/Apr/2020:10:47:13 +0000] "OPTIONS /api/customer/login HTTP/1.1" 204 0
::1 - - [08/Apr/2020:10:47:13 +0000] "POST /api/customer/login HTTP/1.1" 401 37
::1 - - [08/Apr/2020:10:48:30 +0000] "OPTIONS /api/customer/login HTTP/1.1" 204 0
::1 - - [08/Apr/2020:10:48:30 +0000] "POST /api/customer/login HTTP/1.1" 401 37
::1 - - [08/Apr/2020:10:49:01 +0000] "OPTIONS /api/customer/login HTTP/1.1" 204 0
::1 - - [08/Apr/2020:10:49:01 +0000] "POST /api/customer/login HTTP/1.1" 401 37
::1 - - [08/Apr/2020:10:49:04 +0000] "POST /api/customer/login HTTP/1.1" 401 37
::1 - - [08/Apr/2020:10:49:15 +0000] "OPTIONS /api/customer/login HTTP/1.1" 204 0
::1 - - [08/Apr/2020:10:49:15 +0000] "POST /api/customer/login HTTP/1.1" 401 37
::1 - - [08/Apr/2020:10:49:22 +0000] "OPTIONS /api/customer/login HTTP/1.1" 204 0
::1 - - [08/Apr/2020:10:49:22 +0000] "POST /api/customer/login HTTP/1.1" 401 37
::1 - - [08/Apr/2020:10:51:18 +0000] "OPTIONS /api/customer/login HTTP/1.1" 204 0
::1 - - [08/Apr/2020:10:51:18 +0000] "POST /api/customer/login HTTP/1.1" 401 37
::1 - - [08/Apr/2020:10:51:19 +0000] "POST /api/customer/login HTTP/1.1" 401 37
::1 - - [08/Apr/2020:10:51:23 +0000] "POST /api/customer/login HTTP/1.1" 401 37
::1 - - [08/Apr/2020:10:52:10 +0000] "OPTIONS /api/customer/login HTTP/1.1" 204 0
::1 - - [08/Apr/2020:10:52:10 +0000] "POST /api/customer/login HTTP/1.1" 401 37
::1 - - [08/Apr/2020:10:52:12 +0000] "POST /api/customer/login HTTP/1.1" 401 37
::1 - - [08/Apr/2020:10:55:53 +0000] "OPTIONS /api/customer/login HTTP/1.1" 204 0
::1 - - [08/Apr/2020:10:55:53 +0000] "POST /api/customer/login HTTP/1.1" 401 37
::1 - - [08/Apr/2020:10:56:01 +0000] "OPTIONS /api/customer/login HTTP/1.1" 204 0
::1 - - [08/Apr/2020:10:56:01 +0000] "POST /api/customer/login HTTP/1.1" 401 37
::1 - - [08/Apr/2020:10:56:51 +0000] "OPTIONS /api/customer/login HTTP/1.1" 204 0
::1 - - [08/Apr/2020:10:56:51 +0000] "POST /api/customer/login HTTP/1.1" 401 37
::1 - - [08/Apr/2020:10:57:04 +0000] "OPTIONS /api/customer/login HTTP/1.1" 204 0
::1 - - [08/Apr/2020:10:57:04 +0000] "POST /api/customer/login HTTP/1.1" 200 428
::1 - - [08/Apr/2020:10:57:50 +0000] "OPTIONS /api/customer/login HTTP/1.1" 204 0
::1 - - [08/Apr/2020:10:57:50 +0000] "POST /api/customer/login HTTP/1.1" 401 37
::1 - - [08/Apr/2020:10:58:16 +0000] "OPTIONS /api/customer/login HTTP/1.1" 204 0
::1 - - [08/Apr/2020:10:58:17 +0000] "POST /api/customer/login HTTP/1.1" 200 428
::1 - - [08/Apr/2020:11:20:03 +0000] "OPTIONS /api/customer/1 HTTP/1.1" 204 0
::1 - - [08/Apr/2020:11:20:03 +0000] "POST /api/customer/1 HTTP/1.1" 422 56
::1 - - [08/Apr/2020:11:20:28 +0000] "OPTIONS /api/customer/1 HTTP/1.1" 204 0
::1 - - [08/Apr/2020:11:20:28 +0000] "POST /api/customer/1 HTTP/1.1" 422 56
::1 - - [08/Apr/2020:11:20:40 +0000] "OPTIONS /api/customer/1 HTTP/1.1" 204 0
::1 - - [08/Apr/2020:11:20:40 +0000] "POST /api/customer/1 HTTP/1.1" 422 56
::1 - - [08/Apr/2020:11:21:23 +0000] "OPTIONS /api/customer/login HTTP/1.1" 204 0
::1 - - [08/Apr/2020:11:21:23 +0000] "POST /api/customer/login HTTP/1.1" 401 37
::1 - - [08/Apr/2020:11:21:34 +0000] "OPTIONS /api/customer/login HTTP/1.1" 204 0
::1 - - [08/Apr/2020:11:21:34 +0000] "POST /api/customer/login HTTP/1.1" 200 428
::1 - - [08/Apr/2020:11:21:34 +0000] "OPTIONS /api/customer/1 HTTP/1.1" 204 0
::1 - - [08/Apr/2020:11:21:34 +0000] "POST /api/customer/1 HTTP/1.1" 200 84
::1 - - [08/Apr/2020:11:21:56 +0000] "OPTIONS /api/customer/1 HTTP/1.1" 204 0
::1 - - [08/Apr/2020:11:21:56 +0000] "POST /api/customer/1 HTTP/1.1" 200 84
::1 - - [08/Apr/2020:11:23:29 +0000] "OPTIONS /api/customer/1 HTTP/1.1" 204 0
::1 - - [08/Apr/2020:11:23:29 +0000] "POST /api/customer/1 HTTP/1.1" 422 56
::1 - - [08/Apr/2020:11:25:30 +0000] "OPTIONS /api/customer/login HTTP/1.1" 204 0
::1 - - [08/Apr/2020:11:25:30 +0000] "POST /api/customer/login HTTP/1.1" 200 428
::1 - - [08/Apr/2020:11:25:30 +0000] "OPTIONS /api/customer/1 HTTP/1.1" 204 0
::1 - - [08/Apr/2020:11:25:30 +0000] "POST /api/customer/1 HTTP/1.1" 200 84
::1 - - [08/Apr/2020:11:26:13 +0000] "OPTIONS /api/customer/1 HTTP/1.1" 204 0
::1 - - [08/Apr/2020:11:26:13 +0000] "POST /api/customer/1 HTTP/1.1" 200 84
::1 - - [08/Apr/2020:11:38:26 +0000] "OPTIONS /api/customer/1 HTTP/1.1" 204 0
::1 - - [08/Apr/2020:11:38:26 +0000] "POST /api/customer/1 HTTP/1.1" 422 56
::1 - - [08/Apr/2020:11:38:49 +0000] "OPTIONS /api/customer/1 HTTP/1.1" 204 0
::1 - - [08/Apr/2020:11:38:49 +0000] "POST /api/customer/1 HTTP/1.1" 422 56
::1 - - [08/Apr/2020:11:38:52 +0000] "POST /api/customer/1 HTTP/1.1" 422 56
::1 - - [08/Apr/2020:11:39:06 +0000] "OPTIONS /api/customer/login HTTP/1.1" 204 0
::1 - - [08/Apr/2020:11:39:06 +0000] "POST /api/customer/login HTTP/1.1" 200 428
::1 - - [08/Apr/2020:11:39:06 +0000] "OPTIONS /api/customer/1 HTTP/1.1" 204 0
::1 - - [08/Apr/2020:11:39:06 +0000] "POST /api/customer/1 HTTP/1.1" 200 84
::1 - - [08/Apr/2020:11:41:06 +0000] "OPTIONS /api/customer/login HTTP/1.1" 204 0
::1 - - [08/Apr/2020:11:41:06 +0000] "POST /api/customer/login HTTP/1.1" 200 428
::1 - - [08/Apr/2020:11:41:06 +0000] "OPTIONS /api/customer/1 HTTP/1.1" 204 0
::1 - - [08/Apr/2020:11:41:06 +0000] "POST /api/customer/1 HTTP/1.1" 200 168
::1 - - [08/Apr/2020:11:43:54 +0000] "OPTIONS /api/customer/login HTTP/1.1" 204 0
::1 - - [08/Apr/2020:11:43:54 +0000] "POST /api/customer/login HTTP/1.1" 200 428
::1 - - [08/Apr/2020:11:44:15 +0000] "OPTIONS /api/customer/1 HTTP/1.1" 204 0
::1 - - [08/Apr/2020:11:44:15 +0000] "POST /api/customer/1 HTTP/1.1" 200 168
::1 - - [08/Apr/2020:11:45:06 +0000] "OPTIONS /api/customer/1 HTTP/1.1" 204 0
::1 - - [08/Apr/2020:11:45:06 +0000] "POST /api/customer/1 HTTP/1.1" 422 56
::1 - - [08/Apr/2020:11:45:32 +0000] "OPTIONS /api/customer/login HTTP/1.1" 204 0
::1 - - [08/Apr/2020:11:45:32 +0000] "POST /api/customer/login HTTP/1.1" 200 428
::1 - - [08/Apr/2020:11:45:32 +0000] "OPTIONS /api/customer/1 HTTP/1.1" 204 0
::1 - - [08/Apr/2020:11:45:32 +0000] "POST /api/customer/1 HTTP/1.1" 200 168
::1 - - [08/Apr/2020:11:46:20 +0000] "OPTIONS /api/customer/1 HTTP/1.1" 204 0
::1 - - [08/Apr/2020:11:46:20 +0000] "POST /api/customer/1 HTTP/1.1" 200 168
::1 - - [08/Apr/2020:11:46:50 +0000] "OPTIONS /api/customer/1 HTTP/1.1" 204 0
::1 - - [08/Apr/2020:11:46:50 +0000] "POST /api/customer/1 HTTP/1.1" 422 56
::1 - - [08/Apr/2020:11:46:55 +0000] "POST /api/customer/1 HTTP/1.1" 422 56
::1 - - [08/Apr/2020:11:53:32 +0000] "OPTIONS /api/customer/login HTTP/1.1" 204 0
::1 - - [08/Apr/2020:11:53:32 +0000] "POST /api/customer/login HTTP/1.1" 200 428
::1 - - [08/Apr/2020:11:53:32 +0000] "OPTIONS /api/customer/1 HTTP/1.1" 204 0
::1 - - [08/Apr/2020:11:53:32 +0000] "POST /api/customer/1 HTTP/1.1" 200 168
::1 - - [08/Apr/2020:11:53:41 +0000] "OPTIONS /api/customer/1 HTTP/1.1" 204 0
::1 - - [08/Apr/2020:11:53:41 +0000] "POST /api/customer/1 HTTP/1.1" 200 168
::1 - - [08/Apr/2020:11:54:25 +0000] "OPTIONS /api/customer/1 HTTP/1.1" 204 0
::1 - - [08/Apr/2020:11:54:25 +0000] "POST /api/customer/1 HTTP/1.1" 200 168
::1 - - [08/Apr/2020:11:54:41 +0000] "OPTIONS /api/customer/1 HTTP/1.1" 204 0
::1 - - [08/Apr/2020:11:54:41 +0000] "POST /api/customer/1 HTTP/1.1" 422 56
::1 - - [08/Apr/2020:11:54:58 +0000] "OPTIONS /api/customer/1 HTTP/1.1" 204 0
::1 - - [08/Apr/2020:11:54:58 +0000] "POST /api/customer/1 HTTP/1.1" 422 56
::1 - - [08/Apr/2020:11:55:14 +0000] "OPTIONS /api/customer/1 HTTP/1.1" 204 0
::1 - - [08/Apr/2020:11:55:14 +0000] "POST /api/customer/1 HTTP/1.1" 422 56
::1 - - [08/Apr/2020:11:55:38 +0000] "OPTIONS /api/customer/1 HTTP/1.1" 204 0
::1 - - [08/Apr/2020:11:55:38 +0000] "POST /api/customer/1 HTTP/1.1" 422 56
::1 - - [08/Apr/2020:11:55:47 +0000] "OPTIONS /api/customer/1 HTTP/1.1" 204 0
::1 - - [08/Apr/2020:11:55:47 +0000] "POST /api/customer/1 HTTP/1.1" 422 56
::1 - - [08/Apr/2020:11:58:39 +0000] "OPTIONS /api/customer/1 HTTP/1.1" 204 0
::1 - - [08/Apr/2020:11:58:39 +0000] "POST /api/customer/1 HTTP/1.1" 422 56
::1 - - [08/Apr/2020:11:59:04 +0000] "OPTIONS /api/customer/1 HTTP/1.1" 204 0
::1 - - [08/Apr/2020:11:59:04 +0000] "POST /api/customer/1 HTTP/1.1" 422 56
::1 - - [08/Apr/2020:11:59:09 +0000] "POST /api/customer/1 HTTP/1.1" 422 56
::1 - - [08/Apr/2020:11:59:25 +0000] "OPTIONS /api/customer/1 HTTP/1.1" 204 0
::1 - - [08/Apr/2020:11:59:25 +0000] "POST /api/customer/1 HTTP/1.1" 422 56
::1 - - [08/Apr/2020:12:02:57 +0000] "OPTIONS /api/customer/1 HTTP/1.1" 204 0
::1 - - [08/Apr/2020:12:02:57 +0000] "POST /api/customer/1 HTTP/1.1" 422 56
::1 - - [08/Apr/2020:12:03:12 +0000] "OPTIONS /api/customer/1 HTTP/1.1" 204 0
::1 - - [08/Apr/2020:12:03:12 +0000] "POST /api/customer/1 HTTP/1.1" 422 56
::1 - - [08/Apr/2020:12:04:00 +0000] "OPTIONS /api/customer/1 HTTP/1.1" 204 0
::1 - - [08/Apr/2020:12:04:00 +0000] "POST /api/customer/1 HTTP/1.1" 422 56
::1 - - [08/Apr/2020:12:38:49 +0000] "OPTIONS /api/customer/login HTTP/1.1" 204 0
::1 - - [08/Apr/2020:12:38:49 +0000] "POST /api/customer/login HTTP/1.1" 401 37
::1 - - [08/Apr/2020:12:38:59 +0000] "OPTIONS /api/customer/login HTTP/1.1" 204 0
::1 - - [08/Apr/2020:12:38:59 +0000] "POST /api/customer/login HTTP/1.1" 200 428
::1 - - [08/Apr/2020:12:41:07 +0000] "OPTIONS /api/customer/token HTTP/1.1" 204 0
::1 - - [08/Apr/2020:12:41:07 +0000] "POST /api/customer/token HTTP/1.1" 500 37
::1 - - [08/Apr/2020:12:41:31 +0000] "OPTIONS /api/customer/login HTTP/1.1" 204 0
::1 - - [08/Apr/2020:12:41:31 +0000] "POST /api/customer/login HTTP/1.1" 200 428
::1 - - [08/Apr/2020:12:41:31 +0000] "OPTIONS /api/customer/token HTTP/1.1" 204 0
::1 - - [08/Apr/2020:12:41:31 +0000] "POST /api/customer/token HTTP/1.1" 500 37
::1 - - [08/Apr/2020:12:42:37 +0000] "OPTIONS /api/customer/login HTTP/1.1" 204 0
::1 - - [08/Apr/2020:12:42:37 +0000] "POST /api/customer/login HTTP/1.1" 200 428
::1 - - [08/Apr/2020:12:42:37 +0000] "OPTIONS /api/customer/token HTTP/1.1" 204 0
::1 - - [08/Apr/2020:12:42:37 +0000] "POST /api/customer/token HTTP/1.1" 500 37
::1 - - [08/Apr/2020:12:43:54 +0000] "OPTIONS /api/customer/login HTTP/1.1" 204 0
::1 - - [08/Apr/2020:12:43:54 +0000] "POST /api/customer/login HTTP/1.1" 401 37
::1 - - [08/Apr/2020:12:44:06 +0000] "OPTIONS /api/customer/login HTTP/1.1" 204 0
::1 - - [08/Apr/2020:12:44:06 +0000] "POST /api/customer/login HTTP/1.1" 200 428
::1 - - [08/Apr/2020:12:44:06 +0000] "OPTIONS /api/customer/token HTTP/1.1" 204 0
::1 - - [08/Apr/2020:12:44:06 +0000] "POST /api/customer/token HTTP/1.1" 500 37
::1 - - [08/Apr/2020:12:44:57 +0000] "OPTIONS /api/customer/login HTTP/1.1" 204 0
::1 - - [08/Apr/2020:12:44:57 +0000] "POST /api/customer/login HTTP/1.1" 200 428
::1 - - [08/Apr/2020:12:44:57 +0000] "OPTIONS /api/customer/token HTTP/1.1" 204 0
::1 - - [08/Apr/2020:12:44:57 +0000] "POST /api/customer/token HTTP/1.1" 500 37
::ffff:127.0.0.1 - - [08/Apr/2020:12:46:16 +0000] "POST /api/customer/token HTTP/1.1" 500 37
::1 - - [08/Apr/2020:12:47:35 +0000] "OPTIONS /api/customer/login HTTP/1.1" 204 0
::1 - - [08/Apr/2020:12:47:35 +0000] "POST /api/customer/login HTTP/1.1" 200 428
::1 - - [08/Apr/2020:12:47:35 +0000] "OPTIONS /api/customer/token HTTP/1.1" 204 0
::1 - - [08/Apr/2020:12:47:35 +0000] "OPTIONS /api/customer/token HTTP/1.1" 204 0
::1 - - [08/Apr/2020:12:47:35 +0000] "POST /api/customer/token HTTP/1.1" 500 37
::1 - - [08/Apr/2020:12:47:35 +0000] "POST /api/customer/token HTTP/1.1" 500 37
::1 - - [08/Apr/2020:12:48:03 +0000] "OPTIONS /api/customer/login HTTP/1.1" 204 0
::1 - - [08/Apr/2020:12:48:03 +0000] "POST /api/customer/login HTTP/1.1" 200 428
::1 - - [08/Apr/2020:12:48:03 +0000] "OPTIONS /api/customer/token HTTP/1.1" 204 0
::1 - - [08/Apr/2020:12:48:03 +0000] "POST /api/customer/token HTTP/1.1" 500 37
::ffff:127.0.0.1 - - [08/Apr/2020:12:48:13 +0000] "POST /api/customer/token HTTP/1.1" 200 249
::1 - - [08/Apr/2020:12:51:05 +0000] "OPTIONS /api/customer/login HTTP/1.1" 204 0
::1 - - [08/Apr/2020:12:51:05 +0000] "POST /api/customer/login HTTP/1.1" 200 428
::1 - - [08/Apr/2020:12:51:05 +0000] "OPTIONS /api/customer/token HTTP/1.1" 204 0
::1 - - [08/Apr/2020:12:51:05 +0000] "POST /api/customer/token HTTP/1.1" 500 37
::1 - - [08/Apr/2020:12:51:46 +0000] "OPTIONS /api/customer/login HTTP/1.1" 204 0
::1 - - [08/Apr/2020:12:51:46 +0000] "POST /api/customer/login HTTP/1.1" 200 428
::1 - - [08/Apr/2020:12:51:46 +0000] "OPTIONS /api/customer/token HTTP/1.1" 204 0
::1 - - [08/Apr/2020:12:51:46 +0000] "POST /api/customer/token HTTP/1.1" 500 37
::1 - - [08/Apr/2020:12:52:15 +0000] "OPTIONS /api/customer/login HTTP/1.1" 204 0
::1 - - [08/Apr/2020:12:52:15 +0000] "POST /api/customer/login HTTP/1.1" 200 428
::1 - - [08/Apr/2020:12:52:15 +0000] "OPTIONS /api/customer/token HTTP/1.1" 204 0
::1 - - [08/Apr/2020:12:52:15 +0000] "POST /api/customer/token HTTP/1.1" 500 37
::1 - - [08/Apr/2020:12:52:51 +0000] "OPTIONS /api/customer/login HTTP/1.1" 204 0
::1 - - [08/Apr/2020:12:52:51 +0000] "POST /api/customer/login HTTP/1.1" 200 428
::1 - - [08/Apr/2020:12:52:52 +0000] "OPTIONS /api/customer/token HTTP/1.1" 204 0
::1 - - [08/Apr/2020:12:52:52 +0000] "POST /api/customer/token HTTP/1.1" 500 37
::1 - - [08/Apr/2020:12:53:41 +0000] "OPTIONS /api/customer/login HTTP/1.1" 204 0
::1 - - [08/Apr/2020:12:53:41 +0000] "POST /api/customer/login HTTP/1.1" 200 428
::1 - - [08/Apr/2020:12:53:41 +0000] "OPTIONS /api/customer/token HTTP/1.1" 204 0
::1 - - [08/Apr/2020:12:53:41 +0000] "POST /api/customer/token HTTP/1.1" 500 37
::1 - - [08/Apr/2020:12:57:50 +0000] "OPTIONS /api/customer/login HTTP/1.1" 204 0
::1 - - [08/Apr/2020:12:57:50 +0000] "POST /api/customer/login HTTP/1.1" 200 428
::1 - - [08/Apr/2020:12:57:50 +0000] "OPTIONS /api/customer/token HTTP/1.1" 204 0
::1 - - [08/Apr/2020:12:57:50 +0000] "POST /api/customer/token HTTP/1.1" 500 37
::1 - - [08/Apr/2020:12:59:28 +0000] "OPTIONS /api/customer/login HTTP/1.1" 204 0
::1 - - [08/Apr/2020:12:59:28 +0000] "POST /api/customer/login HTTP/1.1" 200 428
::1 - - [08/Apr/2020:12:59:28 +0000] "OPTIONS /api/customer/token HTTP/1.1" 204 0
::1 - - [08/Apr/2020:12:59:28 +0000] "POST /api/customer/token HTTP/1.1" 500 37
::1 - - [08/Apr/2020:13:00:10 +0000] "OPTIONS /api/customer/login HTTP/1.1" 204 0
::1 - - [08/Apr/2020:13:00:10 +0000] "POST /api/customer/login HTTP/1.1" 200 428
::1 - - [08/Apr/2020:13:00:10 +0000] "OPTIONS /api/customer/token HTTP/1.1" 204 0
::1 - - [08/Apr/2020:13:00:10 +0000] "POST /api/customer/token HTTP/1.1" 200 249
::1 - - [08/Apr/2020:13:00:10 +0000] "OPTIONS /api/customer/1 HTTP/1.1" 204 0
::1 - - [08/Apr/2020:13:00:10 +0000] "POST /api/customer/1 HTTP/1.1" 200 168
::1 - - [08/Apr/2020:13:01:08 +0000] "OPTIONS /api/customer/token HTTP/1.1" 204 0
::1 - - [08/Apr/2020:13:01:08 +0000] "POST /api/customer/token HTTP/1.1" 200 249
::1 - - [08/Apr/2020:13:01:08 +0000] "OPTIONS /api/customer/1 HTTP/1.1" 204 0
::1 - - [08/Apr/2020:13:01:08 +0000] "POST /api/customer/1 HTTP/1.1" 200 168
::1 - - [08/Apr/2020:13:02:16 +0000] "OPTIONS /api/customer/token HTTP/1.1" 204 0
::1 - - [08/Apr/2020:13:02:16 +0000] "POST /api/customer/token HTTP/1.1" 200 249
::1 - - [08/Apr/2020:13:02:16 +0000] "OPTIONS /api/customer/1 HTTP/1.1" 204 0
::1 - - [08/Apr/2020:13:02:16 +0000] "POST /api/customer/1 HTTP/1.1" 422 56
::1 - - [08/Apr/2020:13:02:50 +0000] "OPTIONS /api/customer/token HTTP/1.1" 204 0
::1 - - [08/Apr/2020:13:02:50 +0000] "POST /api/customer/token HTTP/1.1" 200 249
::1 - - [08/Apr/2020:13:02:51 +0000] "OPTIONS /api/customer/1 HTTP/1.1" 204 0
::1 - - [08/Apr/2020:13:02:51 +0000] "POST /api/customer/1 HTTP/1.1" 422 56
::1 - - [08/Apr/2020:13:04:39 +0000] "OPTIONS /api/customer/token HTTP/1.1" 204 0
::1 - - [08/Apr/2020:13:04:39 +0000] "POST /api/customer/token HTTP/1.1" 200 249
::1 - - [08/Apr/2020:13:04:52 +0000] "OPTIONS /api/customer/login HTTP/1.1" 204 0
::1 - - [08/Apr/2020:13:04:52 +0000] "POST /api/customer/login HTTP/1.1" 200 428
::1 - - [08/Apr/2020:13:04:52 +0000] "OPTIONS /api/customer/token HTTP/1.1" 204 0
::1 - - [08/Apr/2020:13:04:52 +0000] "POST /api/customer/token HTTP/1.1" 200 249
::1 - - [08/Apr/2020:13:05:12 +0000] "OPTIONS /api/customer/login HTTP/1.1" 204 0
::1 - - [08/Apr/2020:13:05:12 +0000] "POST /api/customer/login HTTP/1.1" 200 428
::1 - - [08/Apr/2020:13:05:13 +0000] "OPTIONS /api/customer/token HTTP/1.1" 204 0
::1 - - [08/Apr/2020:13:05:13 +0000] "POST /api/customer/token HTTP/1.1" 200 249
::1 - - [08/Apr/2020:13:05:13 +0000] "OPTIONS /api/customer/1 HTTP/1.1" 204 0
::1 - - [08/Apr/2020:13:05:13 +0000] "POST /api/customer/1 HTTP/1.1" 200 168
::1 - - [08/Apr/2020:13:05:34 +0000] "OPTIONS /api/customer/token HTTP/1.1" 204 0
::1 - - [08/Apr/2020:13:05:34 +0000] "POST /api/customer/token HTTP/1.1" 200 249
::1 - - [08/Apr/2020:13:05:34 +0000] "OPTIONS /api/customer/1 HTTP/1.1" 204 0
::1 - - [08/Apr/2020:13:05:34 +0000] "POST /api/customer/1 HTTP/1.1" 200 168
::1 - - [08/Apr/2020:13:06:04 +0000] "OPTIONS /api/customer/token HTTP/1.1" 204 0
::1 - - [08/Apr/2020:13:06:04 +0000] "POST /api/customer/token HTTP/1.1" 200 249
::1 - - [08/Apr/2020:13:06:04 +0000] "OPTIONS /api/customer/1 HTTP/1.1" 204 0
::1 - - [08/Apr/2020:13:06:04 +0000] "POST /api/customer/1 HTTP/1.1" 200 168
::1 - - [08/Apr/2020:13:06:07 +0000] "POST /api/customer/token HTTP/1.1" 200 249
::1 - - [08/Apr/2020:13:06:07 +0000] "POST /api/customer/1 HTTP/1.1" 200 168
::1 - - [08/Apr/2020:13:07:43 +0000] "OPTIONS /api/customer/token HTTP/1.1" 204 0
::1 - - [08/Apr/2020:13:07:43 +0000] "POST /api/customer/token HTTP/1.1" 200 249
::1 - - [08/Apr/2020:13:07:43 +0000] "OPTIONS /api/customer/1 HTTP/1.1" 204 0
::1 - - [08/Apr/2020:13:07:43 +0000] "POST /api/customer/1 HTTP/1.1" 200 168
::1 - - [08/Apr/2020:13:08:11 +0000] "OPTIONS /api/customer/token HTTP/1.1" 204 0
::1 - - [08/Apr/2020:13:08:11 +0000] "POST /api/customer/token HTTP/1.1" 200 249
::1 - - [08/Apr/2020:13:08:12 +0000] "OPTIONS /api/customer/1 HTTP/1.1" 204 0
::1 - - [08/Apr/2020:13:08:12 +0000] "POST /api/customer/1 HTTP/1.1" 200 168
::1 - - [08/Apr/2020:13:09:19 +0000] "OPTIONS /api/customer/token HTTP/1.1" 204 0
::1 - - [08/Apr/2020:13:09:19 +0000] "POST /api/customer/token HTTP/1.1" 200 249
::1 - - [08/Apr/2020:13:09:19 +0000] "OPTIONS /api/customer/1 HTTP/1.1" 204 0
::1 - - [08/Apr/2020:13:09:19 +0000] "POST /api/customer/1 HTTP/1.1" 200 168
::1 - - [08/Apr/2020:13:10:48 +0000] "OPTIONS /api/customer/token HTTP/1.1" 204 0
::1 - - [08/Apr/2020:13:10:48 +0000] "POST /api/customer/token HTTP/1.1" 200 249
::1 - - [08/Apr/2020:13:10:48 +0000] "OPTIONS /api/customer/1 HTTP/1.1" 204 0
::1 - - [08/Apr/2020:13:10:48 +0000] "POST /api/customer/1 HTTP/1.1" 200 168
::1 - - [08/Apr/2020:13:12:17 +0000] "OPTIONS /api/customer/token HTTP/1.1" 204 0
::1 - - [08/Apr/2020:13:12:17 +0000] "POST /api/customer/token HTTP/1.1" 200 249
::1 - - [08/Apr/2020:13:12:17 +0000] "OPTIONS /api/customer/1 HTTP/1.1" 204 0
::1 - - [08/Apr/2020:13:12:17 +0000] "POST /api/customer/1 HTTP/1.1" 200 168
::1 - - [08/Apr/2020:13:13:13 +0000] "OPTIONS /api/customer/token HTTP/1.1" 204 0
::1 - - [08/Apr/2020:13:13:13 +0000] "POST /api/customer/token HTTP/1.1" 200 249
::1 - - [08/Apr/2020:13:13:14 +0000] "OPTIONS /api/customer/1 HTTP/1.1" 204 0
::1 - - [08/Apr/2020:13:13:14 +0000] "POST /api/customer/1 HTTP/1.1" 200 168
::1 - - [08/Apr/2020:13:13:16 +0000] "POST /api/customer/token HTTP/1.1" 200 249
::1 - - [08/Apr/2020:13:13:16 +0000] "POST /api/customer/1 HTTP/1.1" 200 168
::1 - - [08/Apr/2020:13:13:17 +0000] "POST /api/customer/token HTTP/1.1" 200 249
::1 - - [08/Apr/2020:13:13:17 +0000] "POST /api/customer/1 HTTP/1.1" 200 168
::1 - - [08/Apr/2020:13:13:18 +0000] "POST /api/customer/token HTTP/1.1" 200 249
::1 - - [08/Apr/2020:13:13:18 +0000] "POST /api/customer/1 HTTP/1.1" 200 168
::1 - - [08/Apr/2020:13:13:18 +0000] "POST /api/customer/token HTTP/1.1" 200 249
::1 - - [08/Apr/2020:13:13:18 +0000] "POST /api/customer/1 HTTP/1.1" 200 168
::1 - - [08/Apr/2020:13:13:34 +0000] "OPTIONS /api/customer/login HTTP/1.1" 204 0
::1 - - [08/Apr/2020:13:13:34 +0000] "POST /api/customer/login HTTP/1.1" 200 428
::1 - - [08/Apr/2020:13:13:34 +0000] "OPTIONS /api/customer/token HTTP/1.1" 204 0
::1 - - [08/Apr/2020:13:13:34 +0000] "POST /api/customer/token HTTP/1.1" 200 249
::1 - - [08/Apr/2020:13:13:34 +0000] "OPTIONS /api/customer/1 HTTP/1.1" 204 0
::1 - - [08/Apr/2020:13:13:34 +0000] "POST /api/customer/1 HTTP/1.1" 200 168
::1 - - [08/Apr/2020:13:15:45 +0000] "OPTIONS /api/customer/token HTTP/1.1" 204 0
::1 - - [08/Apr/2020:13:15:45 +0000] "POST /api/customer/token HTTP/1.1" 200 249
::1 - - [08/Apr/2020:13:15:45 +0000] "OPTIONS /api/customer/1 HTTP/1.1" 204 0
::1 - - [08/Apr/2020:13:15:45 +0000] "POST /api/customer/1 HTTP/1.1" 200 168
::1 - - [08/Apr/2020:13:18:39 +0000] "OPTIONS /api/customer/token HTTP/1.1" 204 0
::1 - - [08/Apr/2020:13:18:39 +0000] "POST /api/customer/token HTTP/1.1" 200 249
::1 - - [08/Apr/2020:13:18:39 +0000] "OPTIONS /api/customer/1 HTTP/1.1" 204 0
::1 - - [08/Apr/2020:13:18:39 +0000] "POST /api/customer/1 HTTP/1.1" 200 168
::1 - - [08/Apr/2020:13:19:33 +0000] "OPTIONS /api/customer/token HTTP/1.1" 204 0
::1 - - [08/Apr/2020:13:19:33 +0000] "POST /api/customer/token HTTP/1.1" 200 249
::1 - - [08/Apr/2020:13:19:33 +0000] "OPTIONS /api/customer/1 HTTP/1.1" 204 0
::1 - - [08/Apr/2020:13:19:33 +0000] "POST /api/customer/1 HTTP/1.1" 200 168
::1 - - [08/Apr/2020:13:21:05 +0000] "OPTIONS /api/customer/token HTTP/1.1" 204 0
::1 - - [08/Apr/2020:13:21:05 +0000] "POST /api/customer/token HTTP/1.1" 200 249
::1 - - [08/Apr/2020:13:21:05 +0000] "OPTIONS /api/customer/1 HTTP/1.1" 204 0
::1 - - [08/Apr/2020:13:21:05 +0000] "POST /api/customer/1 HTTP/1.1" 200 168
::1 - - [08/Apr/2020:13:22:19 +0000] "OPTIONS /api/customer/token HTTP/1.1" 204 0
::1 - - [08/Apr/2020:13:22:19 +0000] "POST /api/customer/token HTTP/1.1" 200 249
::1 - - [08/Apr/2020:13:22:20 +0000] "OPTIONS /api/customer/1 HTTP/1.1" 204 0
::1 - - [08/Apr/2020:13:22:20 +0000] "POST /api/customer/1 HTTP/1.1" 200 168
::1 - - [08/Apr/2020:13:30:00 +0000] "OPTIONS /api/customer/token HTTP/1.1" 204 0
::1 - - [08/Apr/2020:13:30:00 +0000] "POST /api/customer/token HTTP/1.1" 200 249
::1 - - [08/Apr/2020:13:30:00 +0000] "OPTIONS /api/customer/1 HTTP/1.1" 204 0
::1 - - [08/Apr/2020:13:30:00 +0000] "POST /api/customer/1 HTTP/1.1" 200 168
::ffff:127.0.0.1 - - [08/Apr/2020:13:38:40 +0000] "POST /api/customer/login HTTP/1.1" 200 428
::ffff:127.0.0.1 - - [08/Apr/2020:13:53:41 +0000] "POST /api/customer/login HTTP/1.1" 200 428
